WARNING: src/modules/memory/instruction_memory.v:13: $readmemb(data/inst.mem): Not enough words in the file for the requested range [0:63].
                   0 ** Start Simulation **
                   0 Instruction Memory 
VCD info: dumpfile sim.vcd opened for output.
                   0 [PC] pc :          x
                   5 [PC] pc :          0
                  65 [PC] pc :          4
                  85 [PC] pc :          8
                 105 [PC] pc :         12
                 125 [PC] pc :         16
                 145 [PC] pc :         20
                 165 [PC] pc :         24
                 185 [PC] pc :         28
                 205 [PC] pc :         32
                 235 [PC] pc :         36
                 255 [PC] pc :         40
                 275 [PC] pc :         44
                 295 [PC] pc :         48
                 315 [PC] pc :         52
                 335 [PC] pc :         56
                 355 [PC] pc :         60
                 365 [PC] pc :         64
                 385 [PC] pc :         68
                 405 [PC] pc :         72
                 435 [PC] pc :         76
                 465 [PC] pc :         80
                 495 [PC] pc :         84
                 515 [PC] pc :         88
                 525 [PC] pc :         84
                 545 [PC] pc :         88
                 555 [PC] pc :         84
                 575 [PC] pc :         88
                 585 [PC] pc :         84
                 605 [PC] pc :         88
                 615 [PC] pc :         84
                 635 [PC] pc :         88
                 645 [PC] pc :         84
                 665 [PC] pc :         88
                 675 [PC] pc :         84
                 695 [PC] pc :         88
                 705 [PC] pc :         84
                 725 [PC] pc :         88
                 735 [PC] pc :         84
                 755 [PC] pc :         88
                 765 [PC] pc :         84
                 785 [PC] pc :         88
                 795 [PC] pc :         84
                 815 [PC] pc :         88
                 825 [PC] pc :         84
                 845 [PC] pc :         88
                 855 [PC] pc :         84
                 875 [PC] pc :         88
                 885 [PC] pc :         84
                 905 [PC] pc :         88
                 915 [PC] pc :         84
                 935 [PC] pc :         88
                 945 [PC] pc :         84
                 965 [PC] pc :         88
                 975 [PC] pc :         84
                 995 [PC] pc :         88
                1005 [PC] pc :         84
                1025 [PC] pc :         88
                1035 [PC] pc :         84
                1055 [PC] pc :         88
                1065 [PC] pc :         84
                1085 [PC] pc :         88
                1095 [PC] pc :         84
                1115 [PC] pc :         88
                1125 [PC] pc :         84
                1145 [PC] pc :         88
                1155 [PC] pc :         84
                1175 [PC] pc :         88
                1185 [PC] pc :         84
                1205 [PC] pc :         88
                1215 [PC] pc :         84
                1235 [PC] pc :         88
                1245 [PC] pc :         84
                1265 [PC] pc :         88
                1275 [PC] pc :         84
                1295 [PC] pc :         88
                1305 [PC] pc :         84
                1325 [PC] pc :         88
                1335 [PC] pc :         84
                1355 [PC] pc :         88
                1365 [PC] pc :         84
                1385 [PC] pc :         88
                1395 [PC] pc :         84
                1415 [PC] pc :         88
                1425 [PC] pc :         84
                1445 [PC] pc :         88
                1455 [PC] pc :         84
                1475 [PC] pc :         88
                1485 [PC] pc :         84
                1505 [PC] pc :         88
                1515 [PC] pc :         84
                1535 [PC] pc :         88
                1545 [PC] pc :         84
                1565 [PC] pc :         88
                1575 [PC] pc :         84
                1595 [PC] pc :         88
                1605 [PC] pc :         84
                1625 [PC] pc :         88
                1635 [PC] pc :         84
                1655 [PC] pc :         88
                1665 [PC] pc :         84
                1685 [PC] pc :         88
                1695 [PC] pc :         84
                1715 [PC] pc :         88
                1725 [PC] pc :         84
                1745 [PC] pc :         88
                1755 [PC] pc :         84
                1775 [PC] pc :         88
                1785 [PC] pc :         84
                1805 [PC] pc :         88
                1815 [PC] pc :         84
                1835 [PC] pc :         88
                1845 [PC] pc :         84
                1865 [PC] pc :         88
                1875 [PC] pc :         84
                1895 [PC] pc :         88
                1905 [PC] pc :         84
                1925 [PC] pc :         88
                1935 [PC] pc :         84
                1955 [PC] pc :         88
                1965 [PC] pc :         84
                1985 [PC] pc :         88
                1995 [PC] pc :         84
                2015 [PC] pc :         88
                2025 [PC] pc :         84
                2045 [PC] pc :         88
                2055 [PC] pc :         84
                2075 [PC] pc :         88
                2085 [PC] pc :         84
                2105 [PC] pc :         88
                2115 [PC] pc :         84
                2135 [PC] pc :         88
                2145 [PC] pc :         84
                2165 [PC] pc :         88
                2175 [PC] pc :         84
                2195 [PC] pc :         88
                2205 [PC] pc :         84
                2225 [PC] pc :         88
                2235 [PC] pc :         84
                2255 [PC] pc :         88
                2265 [PC] pc :         84
                2285 [PC] pc :         88
                2295 [PC] pc :         84
                2315 [PC] pc :         88
                2325 [PC] pc :         84
                2345 [PC] pc :         88
                2355 [PC] pc :         84
                2375 [PC] pc :         88
                2385 [PC] pc :         84
                2405 [PC] pc :         88
                2415 [PC] pc :         84
                2435 [PC] pc :         88
                2445 [PC] pc :         84
                2465 [PC] pc :         88
                2475 [PC] pc :         84
                2495 [PC] pc :         88
                2505 [PC] pc :         84
                2525 [PC] pc :         88
                2535 [PC] pc :         84
                2555 [PC] pc :         88
                2565 [PC] pc :         84
                2585 [PC] pc :         88
                2595 [PC] pc :         84
                2615 [PC] pc :         88
                2625 [PC] pc :         84
                2645 [PC] pc :         88
                2655 [PC] pc :         84
                2675 [PC] pc :         88
                2685 [PC] pc :         84
                2705 [PC] pc :         88
                2715 [PC] pc :         84
                2735 [PC] pc :         88
                2745 [PC] pc :         84
                2765 [PC] pc :         88
                2775 [PC] pc :         84
                2795 [PC] pc :         88
                2805 [PC] pc :         84
                2825 [PC] pc :         88
                2835 [PC] pc :         84
                2855 [PC] pc :         88
                2865 [PC] pc :         84
                2885 [PC] pc :         88
                2895 [PC] pc :         84
                2915 [PC] pc :         88
                2925 [PC] pc :         84
                2945 [PC] pc :         88
                2955 [PC] pc :         84
                2975 [PC] pc :         88
                2985 [PC] pc :         84
                3005 [PC] pc :         88
                3015 [PC] pc :         84
                3035 [PC] pc :         88
                3045 [PC] pc :         84
                3065 [PC] pc :         88
                3075 [PC] pc :         84
                3095 [PC] pc :         88
                3105 [PC] pc :         84
                3125 [PC] pc :         88
                3135 [PC] pc :         84
                3155 [PC] pc :         88
                3165 [PC] pc :         84
                3185 [PC] pc :         88
                3195 [PC] pc :         84
                3215 [PC] pc :         88
                3225 [PC] pc :         84
                3245 [PC] pc :         88
                3255 [PC] pc :         84
                3275 [PC] pc :         88
                3285 [PC] pc :         84
                3305 [PC] pc :         88
                3315 [PC] pc :         84
                3335 [PC] pc :         88
                3345 [PC] pc :         84
                3365 [PC] pc :         88
                3375 [PC] pc :         84
                3395 [PC] pc :         88
                3405 [PC] pc :         84
                3425 [PC] pc :         88
                3435 [PC] pc :         84
                3455 [PC] pc :         88
                3465 [PC] pc :         84
                3485 [PC] pc :         88
                3495 [PC] pc :         84
                3515 [PC] pc :         88
                3525 [PC] pc :         84
                3545 [PC] pc :         88
                3555 [PC] pc :         84
                3575 [PC] pc :         88
                3585 [PC] pc :         84
                3605 [PC] pc :         88
                3615 [PC] pc :         84
                3635 [PC] pc :         88
                3645 [PC] pc :         84
                3665 [PC] pc :         88
                3675 [PC] pc :         84
                3695 [PC] pc :         88
                3705 [PC] pc :         84
                3725 [PC] pc :         88
                3735 [PC] pc :         84
                3755 [PC] pc :         88
                3765 [PC] pc :         84
                3785 [PC] pc :         88
                3795 [PC] pc :         84
                3815 [PC] pc :         88
                3825 [PC] pc :         84
                3845 [PC] pc :         88
                3855 [PC] pc :         84
                3875 [PC] pc :         88
                3885 [PC] pc :         84
                3905 [PC] pc :         88
                3915 [PC] pc :         84
                3935 [PC] pc :         88
                3945 [PC] pc :         84
                3965 [PC] pc :         88
                3975 [PC] pc :         84
                3995 [PC] pc :         88
                4005 [PC] pc :         84
                4025 [PC] pc :         88
                4035 [PC] pc :         84
                4055 [PC] pc :         88
                4060 ** End Simulation **
                4060 REGISTER FILE
                4060 Reg[          0]:           0 (00000000000000000000000000000000)
                4060 Reg[          1]:           1 (00000000000000000000000000000001)
                4060 Reg[          2]:           2 (00000000000000000000000000000010)
                4060 Reg[          3]:           3 (00000000000000000000000000000011)
                4060 Reg[          4]:           4 (00000000000000000000000000000100)
                4060 Reg[          5]:           5 (00000000000000000000000000000101)
                4060 Reg[          6]:           6 (00000000000000000000000000000110)
                4060 Reg[          7]:           7 (00000000000000000000000000000111)
                4060 Reg[          8]:           8 (00000000000000000000000000001000)
                4060 Reg[          9]:           9 (00000000000000000000000000001001)
                4060 Reg[         10]:          10 (00000000000000000000000000001010)
                4060 Reg[         11]:          11 (00000000000000000000000000001011)
                4060 Reg[         12]:          12 (00000000000000000000000000001100)
                4060 Reg[         13]:          13 (00000000000000000000000000001101)
                4060 Reg[         14]:          14 (00000000000000000000000000001110)
                4060 Reg[         15]:          15 (00000000000000000000000000001111)
                4060 Reg[         16]:           9 (00000000000000000000000000001001)
                4060 Reg[         17]:           4 (00000000000000000000000000000100)
                4060 Reg[         18]:          15 (00000000000000000000000000001111)
                4060 Reg[         19]:          16 (00000000000000000000000000010000)
                4060 Reg[         20]:          16 (00000000000000000000000000010000)
                4060 Reg[         21]:          15 (00000000000000000000000000001111)
                4060 Reg[         22]:           3 (00000000000000000000000000000011)
                4060 Reg[         23]:           3 (00000000000000000000000000000011)
                4060 Reg[         24]:          15 (00000000000000000000000000001111)
                4060 Reg[         25]:           3 (00000000000000000000000000000011)
                4060 Reg[         26]:           3 (00000000000000000000000000000011)
                4060 Reg[         27]:           8 (00000000000000000000000000001000)
                4060 Reg[         28]:           8 (00000000000000000000000000001000)
                4060 Reg[         29]:           8 (00000000000000000000000000001000)
                4060 Reg[         30]:          16 (00000000000000000000000000010000)
                4060 Reg[         31]:           0 (00000000000000000000000000000000)
                4060 DATA MEMORY
                4060 Mem[          0]:           0 (00000000000000000000000000000000)
                4060 Mem[          1]:          15 (00000000000000000000000000001111)
                4060 Mem[          2]:           8 (00000000000000000000000000001000)
                4060 Mem[          3]:           0 (00000000000000000000000000000000)
                4060 Mem[          4]:           0 (00000000000000000000000000000000)
                4060 Mem[          5]:           0 (00000000000000000000000000000000)
                4060 Mem[          6]:           0 (00000000000000000000000000000000)
                4060 Mem[          7]:           0 (00000000000000000000000000000000)
                4060 Mem[          8]:           0 (00000000000000000000000000000000)
                4060 Mem[          9]:           0 (00000000000000000000000000000000)
                4060 Mem[         10]:           0 (00000000000000000000000000000000)
                4060 Mem[         11]:           0 (00000000000000000000000000000000)
                4060 Mem[         12]:           0 (00000000000000000000000000000000)
                4060 Mem[         13]:           0 (00000000000000000000000000000000)
                4060 Mem[         14]:           0 (00000000000000000000000000000000)
                4060 Mem[         15]:           0 (00000000000000000000000000000000)
                4060 Mem[         16]:           0 (00000000000000000000000000000000)
                4060 Mem[         17]:           0 (00000000000000000000000000000000)
                4060 Mem[         18]:           0 (00000000000000000000000000000000)
                4060 Mem[         19]:           0 (00000000000000000000000000000000)
                4060 Mem[         20]:           0 (00000000000000000000000000000000)
                4060 Mem[         21]:           0 (00000000000000000000000000000000)
                4060 Mem[         22]:           0 (00000000000000000000000000000000)
                4060 Mem[         23]:           0 (00000000000000000000000000000000)
                4060 Mem[         24]:           0 (00000000000000000000000000000000)
                4060 Mem[         25]:           0 (00000000000000000000000000000000)
                4060 Mem[         26]:           0 (00000000000000000000000000000000)
                4060 Mem[         27]:           0 (00000000000000000000000000000000)
                4060 Mem[         28]:           0 (00000000000000000000000000000000)
                4060 Mem[         29]:           0 (00000000000000000000000000000000)
                4060 Mem[         30]:           0 (00000000000000000000000000000000)
                4060 Mem[         31]:           0 (00000000000000000000000000000000)
                4060 Mem[         32]:           0 (00000000000000000000000000000000)
                4060 Mem[         33]:           0 (00000000000000000000000000000000)
                4060 Mem[         34]:           0 (00000000000000000000000000000000)
                4060 Mem[         35]:           0 (00000000000000000000000000000000)
                4060 Mem[         36]:           0 (00000000000000000000000000000000)
                4060 Mem[         37]:           0 (00000000000000000000000000000000)
                4060 Mem[         38]:           0 (00000000000000000000000000000000)
                4060 Mem[         39]:           0 (00000000000000000000000000000000)
                4060 Mem[         40]:           0 (00000000000000000000000000000000)
                4060 Mem[         41]:           0 (00000000000000000000000000000000)
                4060 Mem[         42]:           0 (00000000000000000000000000000000)
                4060 Mem[         43]:           0 (00000000000000000000000000000000)
                4060 Mem[         44]:           0 (00000000000000000000000000000000)
                4060 Mem[         45]:           0 (00000000000000000000000000000000)
                4060 Mem[         46]:           0 (00000000000000000000000000000000)
                4060 Mem[         47]:           0 (00000000000000000000000000000000)
                4060 Mem[         48]:           0 (00000000000000000000000000000000)
                4060 Mem[         49]:           0 (00000000000000000000000000000000)
                4060 Mem[         50]:           0 (00000000000000000000000000000000)
                4060 Mem[         51]:           0 (00000000000000000000000000000000)
                4060 Mem[         52]:           0 (00000000000000000000000000000000)
                4060 Mem[         53]:           0 (00000000000000000000000000000000)
                4060 Mem[         54]:           0 (00000000000000000000000000000000)
                4060 Mem[         55]:           0 (00000000000000000000000000000000)
                4060 Mem[         56]:           0 (00000000000000000000000000000000)
                4060 Mem[         57]:           0 (00000000000000000000000000000000)
                4060 Mem[         58]:           0 (00000000000000000000000000000000)
                4060 Mem[         59]:           0 (00000000000000000000000000000000)
                4060 Mem[         60]:           0 (00000000000000000000000000000000)
                4060 Mem[         61]:           0 (00000000000000000000000000000000)
                4060 Mem[         62]:           0 (00000000000000000000000000000000)
                4060 Mem[         63]:           0 (00000000000000000000000000000000)
                4060 Mem[         64]:           0 (00000000000000000000000000000000)
                4060 Mem[         65]:           0 (00000000000000000000000000000000)
                4060 Mem[         66]:           0 (00000000000000000000000000000000)
                4060 Mem[         67]:           0 (00000000000000000000000000000000)
                4060 Mem[         68]:           0 (00000000000000000000000000000000)
                4060 Mem[         69]:           0 (00000000000000000000000000000000)
                4060 Mem[         70]:           0 (00000000000000000000000000000000)
                4060 Mem[         71]:           0 (00000000000000000000000000000000)
                4060 Mem[         72]:           0 (00000000000000000000000000000000)
                4060 Mem[         73]:           0 (00000000000000000000000000000000)
                4060 Mem[         74]:           0 (00000000000000000000000000000000)
                4060 Mem[         75]:           0 (00000000000000000000000000000000)
                4060 Mem[         76]:           0 (00000000000000000000000000000000)
                4060 Mem[         77]:           0 (00000000000000000000000000000000)
                4060 Mem[         78]:           0 (00000000000000000000000000000000)
                4060 Mem[         79]:           0 (00000000000000000000000000000000)
                4060 Mem[         80]:           0 (00000000000000000000000000000000)
                4060 Mem[         81]:           0 (00000000000000000000000000000000)
                4060 Mem[         82]:           0 (00000000000000000000000000000000)
                4060 Mem[         83]:           0 (00000000000000000000000000000000)
                4060 Mem[         84]:           0 (00000000000000000000000000000000)
                4060 Mem[         85]:           0 (00000000000000000000000000000000)
                4060 Mem[         86]:           0 (00000000000000000000000000000000)
                4060 Mem[         87]:           0 (00000000000000000000000000000000)
                4060 Mem[         88]:           0 (00000000000000000000000000000000)
                4060 Mem[         89]:           0 (00000000000000000000000000000000)
                4060 Mem[         90]:           0 (00000000000000000000000000000000)
                4060 Mem[         91]:           0 (00000000000000000000000000000000)
                4060 Mem[         92]:           0 (00000000000000000000000000000000)
                4060 Mem[         93]:           0 (00000000000000000000000000000000)
                4060 Mem[         94]:           0 (00000000000000000000000000000000)
                4060 Mem[         95]:           0 (00000000000000000000000000000000)
                4060 Mem[         96]:           0 (00000000000000000000000000000000)
                4060 Mem[         97]:           0 (00000000000000000000000000000000)
                4060 Mem[         98]:           0 (00000000000000000000000000000000)
                4060 Mem[         99]:           0 (00000000000000000000000000000000)
                4060 Mem[        100]:           0 (00000000000000000000000000000000)
                4060 Mem[        101]:           0 (00000000000000000000000000000000)
                4060 Mem[        102]:           0 (00000000000000000000000000000000)
                4060 Mem[        103]:           0 (00000000000000000000000000000000)
                4060 Mem[        104]:           0 (00000000000000000000000000000000)
                4060 Mem[        105]:           0 (00000000000000000000000000000000)
                4060 Mem[        106]:           0 (00000000000000000000000000000000)
                4060 Mem[        107]:           0 (00000000000000000000000000000000)
                4060 Mem[        108]:           0 (00000000000000000000000000000000)
                4060 Mem[        109]:           0 (00000000000000000000000000000000)
                4060 Mem[        110]:           0 (00000000000000000000000000000000)
                4060 Mem[        111]:           0 (00000000000000000000000000000000)
                4060 Mem[        112]:           0 (00000000000000000000000000000000)
                4060 Mem[        113]:           0 (00000000000000000000000000000000)
                4060 Mem[        114]:           0 (00000000000000000000000000000000)
                4060 Mem[        115]:           0 (00000000000000000000000000000000)
                4060 Mem[        116]:           0 (00000000000000000000000000000000)
                4060 Mem[        117]:           0 (00000000000000000000000000000000)
                4060 Mem[        118]:           0 (00000000000000000000000000000000)
                4060 Mem[        119]:           0 (00000000000000000000000000000000)
                4060 Mem[        120]:           0 (00000000000000000000000000000000)
                4060 Mem[        121]:           0 (00000000000000000000000000000000)
                4060 Mem[        122]:           0 (00000000000000000000000000000000)
                4060 Mem[        123]:           0 (00000000000000000000000000000000)
                4060 Mem[        124]:           0 (00000000000000000000000000000000)
                4060 Mem[        125]:           0 (00000000000000000000000000000000)
                4060 Mem[        126]:           0 (00000000000000000000000000000000)
                4060 Mem[        127]:           0 (00000000000000000000000000000000)
